<?xml version="1.0" encoding="UTF-8"?>
<testsuite xmlns:xsi="http://www.w3.org/2001/XMLSchema-instance" xsi:noNamespaceSchemaLocation="https://maven.apache.org/surefire/maven-surefire-plugin/xsd/surefire-test-report.xsd" version="3.0.2" name="UserValidationTest" time="0.119" tests="12" errors="0" skipped="0" failures="0">
  <properties>
[...]
</properties>
  <testcase name="validateAge_negativeAge_shouldThrowIllegalArgumentException" classname="UserValidationTest" time="0.045"/>
  <testcase name="validateEmail_noAtSign_shouldThrowsIllegalArgumentException" classname="UserValidationTest" time="0.006"/>
  <testcase name="validateEmail_atNoDomain_shouldThrowsIllegalArgumentException" classname="UserValidationTest" time="0.002"/>
  <testcase name="validatePassword_noUpperCaseLetter_shouldThrowValidationException" classname="UserValidationTest" time="0.003"/>
  <testcase name="validateAge_ageOver150_shouldThrowIllegalArgumentException" classname="UserValidationTest" time="0.002"/>
  <testcase name="validatePassword_noLowerCaseLetter_shouldThrowValidationException" classname="UserValidationTest" time="0.003"/>
  <testcase name="validatePassword_shortPassword_shouldThrowValidationException" classname="UserValidationTest" time="0.003"/>
  <testcase name="validateAge_ageBetween0To150_shouldNotThrowIllegalArgumentException" classname="UserValidationTest" time="0.002"/>
  <testcase name="validateAge_multipleInvalidInputs_allThrowsException" classname="UserValidationTest" time="0.005"/>
  <testcase name="validateEmail_nullEmail_shouldThrowsIllegalArgumentException" classname="UserValidationTest" time="0.001"/>
  <testcase name="validateEmail_emptyEmail_shouldThrowsIllegalArgumentException" classname="UserValidationTest" time="0.004"/>
  <testcase name="validatePassword_null_shouldThrowValidationException" classname="UserValidationTest" time="0.002"/>
</testsuite>